1656824449398	geckodriver	INFO	Listening on 127.0.0.1:63263
1656824549195	geckodriver	INFO	Listening on 127.0.0.1:63281
1656824552263	mozrunner::runner	INFO	Running command: "C:\\Program Files\\Mozilla Firefox\\firefox.exe" "--marionette" "--remote-debugging-port" "63282" "--remote-allow-hosts" "localhost" "-no-remote" "-profile" "C:\\Users\\Matheus\\AppData\\Local\\Temp\\rust_mozprofilebcMcpd"
1656824552569	Marionette	INFO	Marionette enabled
1656824552574	Marionette	INFO	Listening on port 63291
WebDriver BiDi listening on ws://localhost:63282
Read port: 63291
1656824552711	RemoteAgent	WARN	TLS certificate errors will be ignored for this session
console.warn: SearchSettings: "get: No settings file exists, new profile?" (new NotFoundError("Could not open the file at C:\\Users\\Matheus\\AppData\\Local\\Temp\\rust_mozprofilebcMcpd\\search.json.mozlz4", (void 0)))
DevTools listening on ws://localhost:63282/devtools/browser/32195f8a-24dc-4139-bed9-b6136e975308
1656824557796	Marionette	INFO	Stopped listening on port 63291
JavaScript error: resource://gre/modules/AsyncShutdown.jsm, line 718: Error: Phase "Sqlite.jsm: wait until all connections are closed" is finished, it is too late to register completion condition "protections.sqlite#0: waiting for shutdown"
1656824629831	geckodriver	INFO	Listening on 127.0.0.1:63377
1656824632918	mozrunner::runner	INFO	Running command: "C:\\Program Files\\Mozilla Firefox\\firefox.exe" "--marionette" "--remote-debugging-port" "63378" "--remote-allow-hosts" "localhost" "-no-remote" "-profile" "C:\\Users\\Matheus\\AppData\\Local\\Temp\\rust_mozprofilevX7yAq"
1656824633185	Marionette	INFO	Marionette enabled
1656824633188	Marionette	INFO	Listening on port 63387
WebDriver BiDi listening on ws://localhost:63378
Read port: 63387
1656824633366	RemoteAgent	WARN	TLS certificate errors will be ignored for this session
console.warn: SearchSettings: "get: No settings file exists, new profile?" (new NotFoundError("Could not open the file at C:\\Users\\Matheus\\AppData\\Local\\Temp\\rust_mozprofilevX7yAq\\search.json.mozlz4", (void 0)))
DevTools listening on ws://localhost:63378/devtools/browser/9d481a2f-eee6-4c85-bcaa-e8f6af2f5918
1656824634629	Marionette	INFO	Stopped listening on port 63387
1656824695118	geckodriver	INFO	Listening on 127.0.0.1:63411
1656824698182	mozrunner::runner	INFO	Running command: "C:\\Program Files\\Mozilla Firefox\\firefox.exe" "--marionette" "--remote-debugging-port" "63412" "--remote-allow-hosts" "localhost" "-no-remote" "-profile" "C:\\Users\\Matheus\\AppData\\Local\\Temp\\rust_mozprofile1lALsr"
1656824698459	Marionette	INFO	Marionette enabled
1656824698463	Marionette	INFO	Listening on port 63421
WebDriver BiDi listening on ws://localhost:63412
Read port: 63421
1656824698592	RemoteAgent	WARN	TLS certificate errors will be ignored for this session
console.warn: SearchSettings: "get: No settings file exists, new profile?" (new NotFoundError("Could not open the file at C:\\Users\\Matheus\\AppData\\Local\\Temp\\rust_mozprofile1lALsr\\search.json.mozlz4", (void 0)))
DevTools listening on ws://localhost:63412/devtools/browser/03a23c9b-e597-4ac5-bee8-a5d0ca4d7356
1656824699884	Marionette	INFO	Stopped listening on port 63421
1656824700380	geckodriver	INFO	Listening on 127.0.0.1:63438
1656824703485	mozrunner::runner	INFO	Running command: "C:\\Program Files\\Mozilla Firefox\\firefox.exe" "--marionette" "--remote-debugging-port" "63439" "--remote-allow-hosts" "localhost" "-no-remote" "-profile" "C:\\Users\\Matheus\\AppData\\Local\\Temp\\rust_mozprofileSy3ISF"
1656824703788	Marionette	INFO	Marionette enabled
1656824703792	Marionette	INFO	Listening on port 63448
WebDriver BiDi listening on ws://localhost:63439
Read port: 63448
1656824703925	RemoteAgent	WARN	TLS certificate errors will be ignored for this session
console.warn: SearchSettings: "get: No settings file exists, new profile?" (new NotFoundError("Could not open the file at C:\\Users\\Matheus\\AppData\\Local\\Temp\\rust_mozprofileSy3ISF\\search.json.mozlz4", (void 0)))
DevTools listening on ws://localhost:63439/devtools/browser/ccc4d848-558b-463a-93b9-3c95eca486c6
1656824705220	Marionette	INFO	Stopped listening on port 63448
console.error: services.settings: 
  main/query-stripping Signature failed  TypeError: NetworkError: Network request failed
1656868168209	geckodriver	INFO	Listening on 127.0.0.1:64224
1656868171251	mozrunner::runner	INFO	Running command: "C:\\Program Files\\Mozilla Firefox\\firefox.exe" "--marionette" "--remote-debugging-port" "64225" "--remote-allow-hosts" "localhost" "-no-remote" "-profile" "C:\\Users\\Matheus\\AppData\\Local\\Temp\\rust_mozprofileKiAOo0"
1656868171558	Marionette	INFO	Marionette enabled
1656868171564	Marionette	INFO	Listening on port 64235
WebDriver BiDi listening on ws://localhost:64225
Read port: 64235
1656868171703	RemoteAgent	WARN	TLS certificate errors will be ignored for this session
console.warn: SearchSettings: "get: No settings file exists, new profile?" (new NotFoundError("Could not open the file at C:\\Users\\Matheus\\AppData\\Local\\Temp\\rust_mozprofileKiAOo0\\search.json.mozlz4", (void 0)))
DevTools listening on ws://localhost:64225/devtools/browser/35162783-0dfd-4926-b986-868e0b98c1a4
1656868173184	Marionette	INFO	Stopped listening on port 64235
1656868362038	geckodriver	INFO	Listening on 127.0.0.1:64256
1656868365131	mozrunner::runner	INFO	Running command: "C:\\Program Files\\Mozilla Firefox\\firefox.exe" "--marionette" "--remote-debugging-port" "64257" "--remote-allow-hosts" "localhost" "-no-remote" "-profile" "C:\\Users\\Matheus\\AppData\\Local\\Temp\\rust_mozprofilee1MJWD"
1656868365390	Marionette	INFO	Marionette enabled
1656868365394	Marionette	INFO	Listening on port 64266
WebDriver BiDi listening on ws://localhost:64257
Read port: 64266
1656868365586	RemoteAgent	WARN	TLS certificate errors will be ignored for this session
console.warn: SearchSettings: "get: No settings file exists, new profile?" (new NotFoundError("Could not open the file at C:\\Users\\Matheus\\AppData\\Local\\Temp\\rust_mozprofilee1MJWD\\search.json.mozlz4", (void 0)))
DevTools listening on ws://localhost:64257/devtools/browser/3e201b54-a112-42f2-9c63-90db617fa675
1656868366817	Marionette	INFO	Stopped listening on port 64266
1656868916383	geckodriver	INFO	Listening on 127.0.0.1:64311
1656868919430	mozrunner::runner	INFO	Running command: "C:\\Program Files\\Mozilla Firefox\\firefox.exe" "--marionette" "--remote-debugging-port" "64312" "--remote-allow-hosts" "localhost" "-no-remote" "-profile" "C:\\Users\\Matheus\\AppData\\Local\\Temp\\rust_mozprofileiZKTsL"
1656868919693	Marionette	INFO	Marionette enabled
1656868919697	Marionette	INFO	Listening on port 64321
WebDriver BiDi listening on ws://localhost:64312
Read port: 64321
1656868919839	RemoteAgent	WARN	TLS certificate errors will be ignored for this session
console.warn: SearchSettings: "get: No settings file exists, new profile?" (new NotFoundError("Could not open the file at C:\\Users\\Matheus\\AppData\\Local\\Temp\\rust_mozprofileiZKTsL\\search.json.mozlz4", (void 0)))
DevTools listening on ws://localhost:64312/devtools/browser/d30bfe84-5fa9-44ef-9ae7-2071d8eafdca
1656868921172	Marionette	INFO	Stopped listening on port 64321
1656868990826	geckodriver	INFO	Listening on 127.0.0.1:64341
1656868993872	mozrunner::runner	INFO	Running command: "C:\\Program Files\\Mozilla Firefox\\firefox.exe" "--marionette" "--remote-debugging-port" "64342" "--remote-allow-hosts" "localhost" "-no-remote" "-profile" "C:\\Users\\Matheus\\AppData\\Local\\Temp\\rust_mozprofileynwsuS"
1656868994120	Marionette	INFO	Marionette enabled
1656868994124	Marionette	INFO	Listening on port 64351
WebDriver BiDi listening on ws://localhost:64342
Read port: 64351
1656868994353	RemoteAgent	WARN	TLS certificate errors will be ignored for this session
console.warn: SearchSettings: "get: No settings file exists, new profile?" (new NotFoundError("Could not open the file at C:\\Users\\Matheus\\AppData\\Local\\Temp\\rust_mozprofileynwsuS\\search.json.mozlz4", (void 0)))
DevTools listening on ws://localhost:64342/devtools/browser/9fed17b3-e1d6-4661-b95d-03106bb555e9
1656868995630	Marionette	INFO	Stopped listening on port 64351
1656869102317	geckodriver	INFO	Listening on 127.0.0.1:64371
1656869105377	mozrunner::runner	INFO	Running command: "C:\\Program Files\\Mozilla Firefox\\firefox.exe" "--marionette" "--remote-debugging-port" "64372" "--remote-allow-hosts" "localhost" "-no-remote" "-profile" "C:\\Users\\Matheus\\AppData\\Local\\Temp\\rust_mozprofilei3IAib"
1656869105625	Marionette	INFO	Marionette enabled
1656869105629	Marionette	INFO	Listening on port 64381
WebDriver BiDi listening on ws://localhost:64372
Read port: 64381
1656869105862	RemoteAgent	WARN	TLS certificate errors will be ignored for this session
console.warn: SearchSettings: "get: No settings file exists, new profile?" (new NotFoundError("Could not open the file at C:\\Users\\Matheus\\AppData\\Local\\Temp\\rust_mozprofilei3IAib\\search.json.mozlz4", (void 0)))
DevTools listening on ws://localhost:64372/devtools/browser/c422295f-395d-410e-bfe7-40bbaacfa18e
1656869107159	Marionette	INFO	Stopped listening on port 64381
1656869130003	geckodriver	INFO	Listening on 127.0.0.1:64401
1656869133082	mozrunner::runner	INFO	Running command: "C:\\Program Files\\Mozilla Firefox\\firefox.exe" "--marionette" "--remote-debugging-port" "64402" "--remote-allow-hosts" "localhost" "-no-remote" "-profile" "C:\\Users\\Matheus\\AppData\\Local\\Temp\\rust_mozprofilexBVEcv"
1656869133332	Marionette	INFO	Marionette enabled
1656869133336	Marionette	INFO	Listening on port 64411
WebDriver BiDi listening on ws://localhost:64402
Read port: 64411
1656869133532	RemoteAgent	WARN	TLS certificate errors will be ignored for this session
console.warn: SearchSettings: "get: No settings file exists, new profile?" (new NotFoundError("Could not open the file at C:\\Users\\Matheus\\AppData\\Local\\Temp\\rust_mozprofilexBVEcv\\search.json.mozlz4", (void 0)))
DevTools listening on ws://localhost:64402/devtools/browser/d6cc20bb-5e4f-4f8f-8ddd-8cfc02153448
1656869134785	Marionette	INFO	Stopped listening on port 64411
1656873712636	geckodriver	INFO	Listening on 127.0.0.1:64683
1656873715694	mozrunner::runner	INFO	Running command: "C:\\Program Files\\Mozilla Firefox\\firefox.exe" "--marionette" "--remote-debugging-port" "64684" "--remote-allow-hosts" "localhost" "-no-remote" "-profile" "C:\\Users\\Matheus\\AppData\\Local\\Temp\\rust_mozprofileiqoSbN"
1656873715944	Marionette	INFO	Marionette enabled
1656873715948	Marionette	INFO	Listening on port 64693
WebDriver BiDi listening on ws://localhost:64684
Read port: 64693
1656873716170	RemoteAgent	WARN	TLS certificate errors will be ignored for this session
console.warn: SearchSettings: "get: No settings file exists, new profile?" (new NotFoundError("Could not open the file at C:\\Users\\Matheus\\AppData\\Local\\Temp\\rust_mozprofileiqoSbN\\search.json.mozlz4", (void 0)))
DevTools listening on ws://localhost:64684/devtools/browser/3f8fee14-130f-4e4e-bc4a-a99e4f6ffa78
1656873717492	Marionette	INFO	Stopped listening on port 64693
1656873785337	geckodriver	INFO	Listening on 127.0.0.1:64715
1656873788372	mozrunner::runner	INFO	Running command: "C:\\Program Files\\Mozilla Firefox\\firefox.exe" "--marionette" "--remote-debugging-port" "64716" "--remote-allow-hosts" "localhost" "-no-remote" "-profile" "C:\\Users\\Matheus\\AppData\\Local\\Temp\\rust_mozprofileiZAslU"
1656873788628	Marionette	INFO	Marionette enabled
1656873788632	Marionette	INFO	Listening on port 64725
WebDriver BiDi listening on ws://localhost:64716
Read port: 64725
1656873788859	RemoteAgent	WARN	TLS certificate errors will be ignored for this session
console.warn: SearchSettings: "get: No settings file exists, new profile?" (new NotFoundError("Could not open the file at C:\\Users\\Matheus\\AppData\\Local\\Temp\\rust_mozprofileiZAslU\\search.json.mozlz4", (void 0)))
DevTools listening on ws://localhost:64716/devtools/browser/4660f0cd-b876-418d-bd24-f9f9b825e6d1
1656873790111	Marionette	INFO	Stopped listening on port 64725
console.error: services.settings: 
  main/query-stripping Signature failed  TypeError: NetworkError: Network request failed
1656873891166	geckodriver	INFO	Listening on 127.0.0.1:64744
1656873894243	mozrunner::runner	INFO	Running command: "C:\\Program Files\\Mozilla Firefox\\firefox.exe" "--marionette" "--remote-debugging-port" "64745" "--remote-allow-hosts" "localhost" "-no-remote" "-profile" "C:\\Users\\Matheus\\AppData\\Local\\Temp\\rust_mozprofileO18DS2"
1656873894506	Marionette	INFO	Marionette enabled
1656873894509	Marionette	INFO	Listening on port 64754
WebDriver BiDi listening on ws://localhost:64745
Read port: 64754
1656873894740	RemoteAgent	WARN	TLS certificate errors will be ignored for this session
console.warn: SearchSettings: "get: No settings file exists, new profile?" (new NotFoundError("Could not open the file at C:\\Users\\Matheus\\AppData\\Local\\Temp\\rust_mozprofileO18DS2\\search.json.mozlz4", (void 0)))
DevTools listening on ws://localhost:64745/devtools/browser/938d781e-95f8-4639-aa15-d6432ab6247b
1656873895998	Marionette	INFO	Stopped listening on port 64754
1656874397054	geckodriver	INFO	Listening on 127.0.0.1:64853
1656874400105	mozrunner::runner	INFO	Running command: "C:\\Program Files\\Mozilla Firefox\\firefox.exe" "--marionette" "--remote-debugging-port" "64854" "--remote-allow-hosts" "localhost" "-no-remote" "-profile" "C:\\Users\\Matheus\\AppData\\Local\\Temp\\rust_mozprofileW0v8TV"
1656874400354	Marionette	INFO	Marionette enabled
1656874400358	Marionette	INFO	Listening on port 64863
WebDriver BiDi listening on ws://localhost:64854
Read port: 64863
1656874400571	RemoteAgent	WARN	TLS certificate errors will be ignored for this session
console.warn: SearchSettings: "get: No settings file exists, new profile?" (new NotFoundError("Could not open the file at C:\\Users\\Matheus\\AppData\\Local\\Temp\\rust_mozprofileW0v8TV\\search.json.mozlz4", (void 0)))
DevTools listening on ws://localhost:64854/devtools/browser/4a07125d-932f-4557-bec5-4c98328ec5f9
1656874401797	Marionette	INFO	Stopped listening on port 64863
console.error: services.settings: 
  main/query-stripping Signature failed  TypeError: NetworkError: Network request failed
console.log: "RemoteSettingsWorker error: AbortError: IndexedDB:  execute() A request was aborted, for example through a call to IDBTransaction.abort."
1656875618486	geckodriver	INFO	Listening on 127.0.0.1:65417
1656875621569	mozrunner::runner	INFO	Running command: "C:\\Program Files\\Mozilla Firefox\\firefox.exe" "--marionette" "--remote-debugging-port" "65418" "--remote-allow-hosts" "localhost" "-no-remote" "-profile" "C:\\Users\\Matheus\\AppData\\Local\\Temp\\rust_mozprofileTFOMfq"
1656875621823	Marionette	INFO	Marionette enabled
1656875621827	Marionette	INFO	Listening on port 65429
WebDriver BiDi listening on ws://localhost:65418
Read port: 65429
1656875621992	RemoteAgent	WARN	TLS certificate errors will be ignored for this session
console.warn: SearchSettings: "get: No settings file exists, new profile?" (new NotFoundError("Could not open the file at C:\\Users\\Matheus\\AppData\\Local\\Temp\\rust_mozprofileTFOMfq\\search.json.mozlz4", (void 0)))
DevTools listening on ws://localhost:65418/devtools/browser/fbf7048c-e7b5-464e-8fc2-a257b64edbec
1656875623344	Marionette	INFO	Stopped listening on port 65429
1656875756044	geckodriver	INFO	Listening on 127.0.0.1:65478
1656875759145	mozrunner::runner	INFO	Running command: "C:\\Program Files\\Mozilla Firefox\\firefox.exe" "--marionette" "--remote-debugging-port" "65479" "--remote-allow-hosts" "localhost" "-no-remote" "-profile" "C:\\Users\\Matheus\\AppData\\Local\\Temp\\rust_mozprofile6pIWST"
1656875759406	Marionette	INFO	Marionette enabled
1656875759410	Marionette	INFO	Listening on port 65488
WebDriver BiDi listening on ws://localhost:65479
Read port: 65488
1656875759564	RemoteAgent	WARN	TLS certificate errors will be ignored for this session
console.warn: SearchSettings: "get: No settings file exists, new profile?" (new NotFoundError("Could not open the file at C:\\Users\\Matheus\\AppData\\Local\\Temp\\rust_mozprofile6pIWST\\search.json.mozlz4", (void 0)))
DevTools listening on ws://localhost:65479/devtools/browser/1cd99ba4-b48e-4c36-a129-0a2367feaeb1
1656875760843	Marionette	INFO	Stopped listening on port 65488
[Parent 5520, IPC I/O Parent] WARNING: DuplicateHandle failed for handle 0 in TransferHandles: file /builds/worker/checkouts/gecko/ipc/chromium/src/chrome/common/ipc_channel_win.cc:723
1656877719670	geckodriver	INFO	Listening on 127.0.0.1:57422
1656877722739	mozrunner::runner	INFO	Running command: "C:\\Program Files\\Mozilla Firefox\\firefox.exe" "--marionette" "--remote-debugging-port" "57423" "--remote-allow-hosts" "localhost" "-no-remote" "-profile" "C:\\Users\\Matheus\\AppData\\Local\\Temp\\rust_mozprofile3ZbDOB"
1656877722986	Marionette	INFO	Marionette enabled
1656877722990	Marionette	INFO	Listening on port 57432
WebDriver BiDi listening on ws://localhost:57423
Read port: 57432
1656877723215	RemoteAgent	WARN	TLS certificate errors will be ignored for this session
console.warn: SearchSettings: "get: No settings file exists, new profile?" (new NotFoundError("Could not open the file at C:\\Users\\Matheus\\AppData\\Local\\Temp\\rust_mozprofile3ZbDOB\\search.json.mozlz4", (void 0)))
DevTools listening on ws://localhost:57423/devtools/browser/cff09ec2-d200-4760-bf30-226c40c80a49
1656877724550	Marionette	INFO	Stopped listening on port 57432
1656877857212	geckodriver	INFO	Listening on 127.0.0.1:57453
1656877860282	mozrunner::runner	INFO	Running command: "C:\\Program Files\\Mozilla Firefox\\firefox.exe" "--marionette" "--remote-debugging-port" "57454" "--remote-allow-hosts" "localhost" "-no-remote" "-profile" "C:\\Users\\Matheus\\AppData\\Local\\Temp\\rust_mozprofilefRot8w"
1656877860531	Marionette	INFO	Marionette enabled
1656877860535	Marionette	INFO	Listening on port 57463
WebDriver BiDi listening on ws://localhost:57454
Read port: 57463
1656877860768	RemoteAgent	WARN	TLS certificate errors will be ignored for this session
console.warn: SearchSettings: "get: No settings file exists, new profile?" (new NotFoundError("Could not open the file at C:\\Users\\Matheus\\AppData\\Local\\Temp\\rust_mozprofilefRot8w\\search.json.mozlz4", (void 0)))
DevTools listening on ws://localhost:57454/devtools/browser/85a8c614-773c-433b-90da-77ca6e4b5cd9
1656877862054	Marionette	INFO	Stopped listening on port 57463
1656878406602	geckodriver	INFO	Listening on 127.0.0.1:57538
1656878409618	mozrunner::runner	INFO	Running command: "C:\\Program Files\\Mozilla Firefox\\firefox.exe" "--marionette" "--remote-debugging-port" "57539" "--remote-allow-hosts" "localhost" "-no-remote" "-profile" "C:\\Users\\Matheus\\AppData\\Local\\Temp\\rust_mozprofileeYvmHU"
1656878409868	Marionette	INFO	Marionette enabled
1656878409872	Marionette	INFO	Listening on port 57548
WebDriver BiDi listening on ws://localhost:57539
Read port: 57548
1656878410089	RemoteAgent	WARN	TLS certificate errors will be ignored for this session
console.warn: SearchSettings: "get: No settings file exists, new profile?" (new NotFoundError("Could not open the file at C:\\Users\\Matheus\\AppData\\Local\\Temp\\rust_mozprofileeYvmHU\\search.json.mozlz4", (void 0)))
DevTools listening on ws://localhost:57539/devtools/browser/631025f1-18f1-4722-9ab0-7ed5a2b6e607
console.warn: LoginRecipes: "getRecipes: falling back to a synchronous message for:" "http://localhost:57537"
1656878411465	Marionette	INFO	Stopped listening on port 57548
1656878539223	geckodriver	INFO	Listening on 127.0.0.1:57568
1656878542267	mozrunner::runner	INFO	Running command: "C:\\Program Files\\Mozilla Firefox\\firefox.exe" "--marionette" "--remote-debugging-port" "57569" "--remote-allow-hosts" "localhost" "-no-remote" "-profile" "C:\\Users\\Matheus\\AppData\\Local\\Temp\\rust_mozprofilelJKsaP"
1656878542517	Marionette	INFO	Marionette enabled
1656878542521	Marionette	INFO	Listening on port 57578
WebDriver BiDi listening on ws://localhost:57569
Read port: 57578
1656878542711	RemoteAgent	WARN	TLS certificate errors will be ignored for this session
console.warn: SearchSettings: "get: No settings file exists, new profile?" (new NotFoundError("Could not open the file at C:\\Users\\Matheus\\AppData\\Local\\Temp\\rust_mozprofilelJKsaP\\search.json.mozlz4", (void 0)))
DevTools listening on ws://localhost:57569/devtools/browser/54de6d65-07ec-4424-b220-7e5a0f36dd83
console.warn: LoginRecipes: "getRecipes: falling back to a synchronous message for:" "http://localhost:57567"
1656878546045	Marionette	INFO	Stopped listening on port 57578
JavaScript error: resource://gre/modules/UrlClassifierListManager.jsm, line 694: TypeError: this.tablesData[table] is undefined
1656878561531	geckodriver	INFO	Listening on 127.0.0.1:57615
1656878564595	mozrunner::runner	INFO	Running command: "C:\\Program Files\\Mozilla Firefox\\firefox.exe" "--marionette" "--remote-debugging-port" "57616" "--remote-allow-hosts" "localhost" "-no-remote" "-profile" "C:\\Users\\Matheus\\AppData\\Local\\Temp\\rust_mozprofile8Ky1Uq"
1656878564846	Marionette	INFO	Marionette enabled
1656878564850	Marionette	INFO	Listening on port 57625
WebDriver BiDi listening on ws://localhost:57616
Read port: 57625
1656878565055	RemoteAgent	WARN	TLS certificate errors will be ignored for this session
console.warn: SearchSettings: "get: No settings file exists, new profile?" (new NotFoundError("Could not open the file at C:\\Users\\Matheus\\AppData\\Local\\Temp\\rust_mozprofile8Ky1Uq\\search.json.mozlz4", (void 0)))
DevTools listening on ws://localhost:57616/devtools/browser/cffcb863-ce95-4666-8bb5-d471e0e5caf9
console.warn: LoginRecipes: "getRecipes: falling back to a synchronous message for:" "http://localhost:57614"
1656878571330	Marionette	INFO	Stopped listening on port 57625
1656879468953	geckodriver	INFO	Listening on 127.0.0.1:57738
1656879472007	mozrunner::runner	INFO	Running command: "C:\\Program Files\\Mozilla Firefox\\firefox.exe" "--marionette" "--remote-debugging-port" "57739" "--remote-allow-hosts" "localhost" "-no-remote" "-profile" "C:\\Users\\Matheus\\AppData\\Local\\Temp\\rust_mozprofileZcQxqi"
1656879472260	Marionette	INFO	Marionette enabled
1656879472263	Marionette	INFO	Listening on port 57748
WebDriver BiDi listening on ws://localhost:57739
Read port: 57748
1656879472478	RemoteAgent	WARN	TLS certificate errors will be ignored for this session
console.warn: SearchSettings: "get: No settings file exists, new profile?" (new NotFoundError("Could not open the file at C:\\Users\\Matheus\\AppData\\Local\\Temp\\rust_mozprofileZcQxqi\\search.json.mozlz4", (void 0)))
DevTools listening on ws://localhost:57739/devtools/browser/938de4d8-4dea-41eb-8258-8123c99dde11
console.warn: LoginRecipes: "getRecipes: falling back to a synchronous message for:" "http://localhost:57737"
1656879478778	Marionette	INFO	Stopped listening on port 57748
1656879505746	geckodriver	INFO	Listening on 127.0.0.1:57785
1656879508807	mozrunner::runner	INFO	Running command: "C:\\Program Files\\Mozilla Firefox\\firefox.exe" "--marionette" "--remote-debugging-port" "57786" "--remote-allow-hosts" "localhost" "-no-remote" "-profile" "C:\\Users\\Matheus\\AppData\\Local\\Temp\\rust_mozprofileTxiKEW"
1656879509054	Marionette	INFO	Marionette enabled
1656879509058	Marionette	INFO	Listening on port 57795
WebDriver BiDi listening on ws://localhost:57786
Read port: 57795
1656879509282	RemoteAgent	WARN	TLS certificate errors will be ignored for this session
console.warn: SearchSettings: "get: No settings file exists, new profile?" (new NotFoundError("Could not open the file at C:\\Users\\Matheus\\AppData\\Local\\Temp\\rust_mozprofileTxiKEW\\search.json.mozlz4", (void 0)))
DevTools listening on ws://localhost:57786/devtools/browser/ab1878fc-1183-4d1d-99cd-721a27754e21
console.warn: LoginRecipes: "getRecipes: falling back to a synchronous message for:" "http://localhost:57784"
1656879515590	Marionette	INFO	Stopped listening on port 57795
1656879561780	geckodriver	INFO	Listening on 127.0.0.1:57833
1656879564809	mozrunner::runner	INFO	Running command: "C:\\Program Files\\Mozilla Firefox\\firefox.exe" "--marionette" "--remote-debugging-port" "57834" "--remote-allow-hosts" "localhost" "-no-remote" "-profile" "C:\\Users\\Matheus\\AppData\\Local\\Temp\\rust_mozprofileoaI9fB"
1656879565060	Marionette	INFO	Marionette enabled
1656879565064	Marionette	INFO	Listening on port 57843
WebDriver BiDi listening on ws://localhost:57834
Read port: 57843
1656879565308	RemoteAgent	WARN	TLS certificate errors will be ignored for this session
console.warn: SearchSettings: "get: No settings file exists, new profile?" (new NotFoundError("Could not open the file at C:\\Users\\Matheus\\AppData\\Local\\Temp\\rust_mozprofileoaI9fB\\search.json.mozlz4", (void 0)))
DevTools listening on ws://localhost:57834/devtools/browser/833be270-bb2b-45f8-a15b-a4e01b7b6b29
console.warn: LoginRecipes: "getRecipes: falling back to a synchronous message for:" "http://localhost:57832"
1656879567602	Marionette	INFO	Stopped listening on port 57843
1656879619698	geckodriver	INFO	Listening on 127.0.0.1:57871
1656879622782	mozrunner::runner	INFO	Running command: "C:\\Program Files\\Mozilla Firefox\\firefox.exe" "--marionette" "--remote-debugging-port" "57872" "--remote-allow-hosts" "localhost" "-no-remote" "-profile" "C:\\Users\\Matheus\\AppData\\Local\\Temp\\rust_mozprofiledfqdaQ"
1656879623036	Marionette	INFO	Marionette enabled
1656879623040	Marionette	INFO	Listening on port 57881
WebDriver BiDi listening on ws://localhost:57872
Read port: 57881
1656879623279	RemoteAgent	WARN	TLS certificate errors will be ignored for this session
console.warn: SearchSettings: "get: No settings file exists, new profile?" (new NotFoundError("Could not open the file at C:\\Users\\Matheus\\AppData\\Local\\Temp\\rust_mozprofiledfqdaQ\\search.json.mozlz4", (void 0)))
DevTools listening on ws://localhost:57872/devtools/browser/61ad1912-a97f-42cc-a78c-ac29faf21fd8
console.warn: LoginRecipes: "getRecipes: falling back to a synchronous message for:" "http://localhost:57870"
1656879625511	Marionette	INFO	Stopped listening on port 57881
1656880730108	geckodriver	INFO	Listening on 127.0.0.1:57963
1656880733146	mozrunner::runner	INFO	Running command: "C:\\Program Files\\Mozilla Firefox\\firefox.exe" "--marionette" "--remote-debugging-port" "57964" "--remote-allow-hosts" "localhost" "-no-remote" "-profile" "C:\\Users\\Matheus\\AppData\\Local\\Temp\\rust_mozprofile5raGze"
1656880733392	Marionette	INFO	Marionette enabled
1656880733396	Marionette	INFO	Listening on port 57973
WebDriver BiDi listening on ws://localhost:57964
Read port: 57973
1656880733625	RemoteAgent	WARN	TLS certificate errors will be ignored for this session
console.warn: SearchSettings: "get: No settings file exists, new profile?" (new NotFoundError("Could not open the file at C:\\Users\\Matheus\\AppData\\Local\\Temp\\rust_mozprofile5raGze\\search.json.mozlz4", (void 0)))
DevTools listening on ws://localhost:57964/devtools/browser/950d9ae5-2d3c-489f-b5c2-b504ccbeca56
console.warn: LoginRecipes: "getRecipes: falling back to a synchronous message for:" "http://localhost:57962"
1656880735913	Marionette	INFO	Stopped listening on port 57973
1656880855533	geckodriver	INFO	Listening on 127.0.0.1:57998
1656880858590	mozrunner::runner	INFO	Running command: "C:\\Program Files\\Mozilla Firefox\\firefox.exe" "--marionette" "--remote-debugging-port" "57999" "--remote-allow-hosts" "localhost" "-no-remote" "-profile" "C:\\Users\\Matheus\\AppData\\Local\\Temp\\rust_mozprofileTC0k52"
1656880858838	Marionette	INFO	Marionette enabled
1656880858841	Marionette	INFO	Listening on port 58008
WebDriver BiDi listening on ws://localhost:57999
Read port: 58008
1656880859075	RemoteAgent	WARN	TLS certificate errors will be ignored for this session
console.warn: SearchSettings: "get: No settings file exists, new profile?" (new NotFoundError("Could not open the file at C:\\Users\\Matheus\\AppData\\Local\\Temp\\rust_mozprofileTC0k52\\search.json.mozlz4", (void 0)))
DevTools listening on ws://localhost:57999/devtools/browser/67284547-2899-4df5-b023-5e89155138f4
console.warn: LoginRecipes: "getRecipes: falling back to a synchronous message for:" "http://localhost:57997"
1656880861373	Marionette	INFO	Stopped listening on port 58008
1656881091933	geckodriver	INFO	Listening on 127.0.0.1:58064
1656881094993	mozrunner::runner	INFO	Running command: "C:\\Program Files\\Mozilla Firefox\\firefox.exe" "--marionette" "--remote-debugging-port" "58065" "--remote-allow-hosts" "localhost" "-no-remote" "-profile" "C:\\Users\\Matheus\\AppData\\Local\\Temp\\rust_mozprofileTWyNXS"
1656881095241	Marionette	INFO	Marionette enabled
1656881095245	Marionette	INFO	Listening on port 58074
WebDriver BiDi listening on ws://localhost:58065
Read port: 58074
1656881095421	RemoteAgent	WARN	TLS certificate errors will be ignored for this session
console.warn: SearchSettings: "get: No settings file exists, new profile?" (new NotFoundError("Could not open the file at C:\\Users\\Matheus\\AppData\\Local\\Temp\\rust_mozprofileTWyNXS\\search.json.mozlz4", (void 0)))
DevTools listening on ws://localhost:58065/devtools/browser/38bd7183-8f89-4574-a775-c439170c3530
1656881096759	Marionette	INFO	Stopped listening on port 58074
console.error: services.settings: 
  main/query-stripping Signature failed  TypeError: NetworkError: Network request failed
1656881179824	geckodriver	INFO	Listening on 127.0.0.1:58094
1656881182858	mozrunner::runner	INFO	Running command: "C:\\Program Files\\Mozilla Firefox\\firefox.exe" "--marionette" "--remote-debugging-port" "58095" "--remote-allow-hosts" "localhost" "-no-remote" "-profile" "C:\\Users\\Matheus\\AppData\\Local\\Temp\\rust_mozprofileEd8EpU"
1656881183103	Marionette	INFO	Marionette enabled
1656881183107	Marionette	INFO	Listening on port 58104
WebDriver BiDi listening on ws://localhost:58095
Read port: 58104
1656881183307	RemoteAgent	WARN	TLS certificate errors will be ignored for this session
console.warn: SearchSettings: "get: No settings file exists, new profile?" (new NotFoundError("Could not open the file at C:\\Users\\Matheus\\AppData\\Local\\Temp\\rust_mozprofileEd8EpU\\search.json.mozlz4", (void 0)))
DevTools listening on ws://localhost:58095/devtools/browser/1785e8da-3af6-46e4-a312-edcca6989344
1656881184493	Marionette	INFO	Stopped listening on port 58104
[Parent 8952, IPC I/O Parent] WARNING: file /builds/worker/checkouts/gecko/ipc/chromium/src/base/process_util_win.cc:167
1656881244370	geckodriver	INFO	Listening on 127.0.0.1:58123
1656881247408	mozrunner::runner	INFO	Running command: "C:\\Program Files\\Mozilla Firefox\\firefox.exe" "--marionette" "--remote-debugging-port" "58124" "--remote-allow-hosts" "localhost" "-no-remote" "-profile" "C:\\Users\\Matheus\\AppData\\Local\\Temp\\rust_mozprofileh1xnFF"
1656881247657	Marionette	INFO	Marionette enabled
1656881247661	Marionette	INFO	Listening on port 58134
WebDriver BiDi listening on ws://localhost:58124
Read port: 58134
1656881247881	RemoteAgent	WARN	TLS certificate errors will be ignored for this session
console.warn: SearchSettings: "get: No settings file exists, new profile?" (new NotFoundError("Could not open the file at C:\\Users\\Matheus\\AppData\\Local\\Temp\\rust_mozprofileh1xnFF\\search.json.mozlz4", (void 0)))
DevTools listening on ws://localhost:58124/devtools/browser/cabeda13-cdc4-418f-984b-a470d19b1581
console.warn: LoginRecipes: "getRecipes: falling back to a synchronous message for:" "http://localhost:58122"
1656881250145	Marionette	INFO	Stopped listening on port 58134
1656881718642	geckodriver	INFO	Listening on 127.0.0.1:58173
1656881721674	mozrunner::runner	INFO	Running command: "C:\\Program Files\\Mozilla Firefox\\firefox.exe" "--marionette" "--remote-debugging-port" "58174" "--remote-allow-hosts" "localhost" "-no-remote" "-profile" "C:\\Users\\Matheus\\AppData\\Local\\Temp\\rust_mozprofileU0FkNH"
1656881721924	Marionette	INFO	Marionette enabled
1656881721928	Marionette	INFO	Listening on port 58183
WebDriver BiDi listening on ws://localhost:58174
Read port: 58183
1656881722165	RemoteAgent	WARN	TLS certificate errors will be ignored for this session
console.warn: SearchSettings: "get: No settings file exists, new profile?" (new NotFoundError("Could not open the file at C:\\Users\\Matheus\\AppData\\Local\\Temp\\rust_mozprofileU0FkNH\\search.json.mozlz4", (void 0)))
DevTools listening on ws://localhost:58174/devtools/browser/605b0a3d-79f2-428b-88e6-5717b0119973
console.warn: LoginRecipes: "getRecipes: falling back to a synchronous message for:" "http://localhost:58172"
1656881724453	Marionette	INFO	Stopped listening on port 58183
1656882038338	geckodriver	INFO	Listening on 127.0.0.1:58233
1656882041376	mozrunner::runner	INFO	Running command: "C:\\Program Files\\Mozilla Firefox\\firefox.exe" "--marionette" "--remote-debugging-port" "58234" "--remote-allow-hosts" "localhost" "-no-remote" "-profile" "C:\\Users\\Matheus\\AppData\\Local\\Temp\\rust_mozprofilegkdvig"
1656882041641	Marionette	INFO	Marionette enabled
1656882041645	Marionette	INFO	Listening on port 58243
WebDriver BiDi listening on ws://localhost:58234
Read port: 58243
1656882041842	RemoteAgent	WARN	TLS certificate errors will be ignored for this session
console.warn: SearchSettings: "get: No settings file exists, new profile?" (new NotFoundError("Could not open the file at C:\\Users\\Matheus\\AppData\\Local\\Temp\\rust_mozprofilegkdvig\\search.json.mozlz4", (void 0)))
DevTools listening on ws://localhost:58234/devtools/browser/f94171ff-7bfe-4542-b545-41a05a3f1e59
console.warn: LoginRecipes: "getRecipes: falling back to a synchronous message for:" "http://localhost:58232"
1656882044204	Marionette	INFO	Stopped listening on port 58243
1656882067674	geckodriver	INFO	Listening on 127.0.0.1:58267
1656882070719	mozrunner::runner	INFO	Running command: "C:\\Program Files\\Mozilla Firefox\\firefox.exe" "--marionette" "--remote-debugging-port" "58268" "--remote-allow-hosts" "localhost" "-no-remote" "-profile" "C:\\Users\\Matheus\\AppData\\Local\\Temp\\rust_mozprofileZjCb2C"
1656882070974	Marionette	INFO	Marionette enabled
1656882070977	Marionette	INFO	Listening on port 58277
WebDriver BiDi listening on ws://localhost:58268
Read port: 58277
1656882071195	RemoteAgent	WARN	TLS certificate errors will be ignored for this session
console.warn: SearchSettings: "get: No settings file exists, new profile?" (new NotFoundError("Could not open the file at C:\\Users\\Matheus\\AppData\\Local\\Temp\\rust_mozprofileZjCb2C\\search.json.mozlz4", (void 0)))
DevTools listening on ws://localhost:58268/devtools/browser/9b17712c-722f-484f-909f-3151ac3ba0ff
console.warn: LoginRecipes: "getRecipes: falling back to a synchronous message for:" "http://localhost:58266"
1656882073598	Marionette	INFO	Stopped listening on port 58277
1656882105157	geckodriver	INFO	Listening on 127.0.0.1:58305
1656882108205	mozrunner::runner	INFO	Running command: "C:\\Program Files\\Mozilla Firefox\\firefox.exe" "--marionette" "--remote-debugging-port" "58306" "--remote-allow-hosts" "localhost" "-no-remote" "-profile" "C:\\Users\\Matheus\\AppData\\Local\\Temp\\rust_mozprofilezu14hr"
1656882108463	Marionette	INFO	Marionette enabled
1656882108466	Marionette	INFO	Listening on port 58315
WebDriver BiDi listening on ws://localhost:58306
Read port: 58315
1656882108689	RemoteAgent	WARN	TLS certificate errors will be ignored for this session
console.warn: SearchSettings: "get: No settings file exists, new profile?" (new NotFoundError("Could not open the file at C:\\Users\\Matheus\\AppData\\Local\\Temp\\rust_mozprofilezu14hr\\search.json.mozlz4", (void 0)))
DevTools listening on ws://localhost:58306/devtools/browser/d9387402-2fcd-4dcf-b673-fbead3c9bfff
console.warn: LoginRecipes: "getRecipes: falling back to a synchronous message for:" "http://localhost:58304"
1656882110958	Marionette	INFO	Stopped listening on port 58315
1656886638967	geckodriver	INFO	Listening on 127.0.0.1:58651
1656886642017	mozrunner::runner	INFO	Running command: "C:\\Program Files\\Mozilla Firefox\\firefox.exe" "--marionette" "--remote-debugging-port" "58652" "--remote-allow-hosts" "localhost" "-no-remote" "-profile" "C:\\Users\\Matheus\\AppData\\Local\\Temp\\rust_mozprofilealhltx"
1656886642289	Marionette	INFO	Marionette enabled
1656886642293	Marionette	INFO	Listening on port 58663
WebDriver BiDi listening on ws://localhost:58652
Read port: 58663
1656886642522	RemoteAgent	WARN	TLS certificate errors will be ignored for this session
console.warn: SearchSettings: "get: No settings file exists, new profile?" (new NotFoundError("Could not open the file at C:\\Users\\Matheus\\AppData\\Local\\Temp\\rust_mozprofilealhltx\\search.json.mozlz4", (void 0)))
DevTools listening on ws://localhost:58652/devtools/browser/e17a2db4-b5c8-4eac-923e-3ae30faba12c
console.warn: LoginRecipes: "getRecipes: falling back to a synchronous message for:" "http://localhost:58650"
1656886644934	Marionette	INFO	Stopped listening on port 58663
1656886669077	geckodriver	INFO	Listening on 127.0.0.1:58690
1656886672140	mozrunner::runner	INFO	Running command: "C:\\Program Files\\Mozilla Firefox\\firefox.exe" "--marionette" "--remote-debugging-port" "58691" "--remote-allow-hosts" "localhost" "-no-remote" "-profile" "C:\\Users\\Matheus\\AppData\\Local\\Temp\\rust_mozprofileH3zO8Z"
1656886672386	Marionette	INFO	Marionette enabled
1656886672390	Marionette	INFO	Listening on port 58700
WebDriver BiDi listening on ws://localhost:58691
Read port: 58700
1656886672619	RemoteAgent	WARN	TLS certificate errors will be ignored for this session
console.warn: SearchSettings: "get: No settings file exists, new profile?" (new NotFoundError("Could not open the file at C:\\Users\\Matheus\\AppData\\Local\\Temp\\rust_mozprofileH3zO8Z\\search.json.mozlz4", (void 0)))
DevTools listening on ws://localhost:58691/devtools/browser/84ec6928-0d52-4596-b84a-63907c11a9b5
console.warn: LoginRecipes: "getRecipes: falling back to a synchronous message for:" "http://localhost:58689"
1656886674864	Marionette	INFO	Stopped listening on port 58700
[Parent 2520, IPC I/O Parent] WARNING: file /builds/worker/checkouts/gecko/ipc/chromium/src/base/process_util_win.cc:167
1656888064772	geckodriver	INFO	Listening on 127.0.0.1:58842
1656888067801	mozrunner::runner	INFO	Running command: "C:\\Program Files\\Mozilla Firefox\\firefox.exe" "--marionette" "--remote-debugging-port" "58843" "--remote-allow-hosts" "localhost" "-no-remote" "-profile" "C:\\Users\\Matheus\\AppData\\Local\\Temp\\rust_mozprofile7FLWcg"
1656888068053	Marionette	INFO	Marionette enabled
1656888068057	Marionette	INFO	Listening on port 58852
WebDriver BiDi listening on ws://localhost:58843
Read port: 58852
1656888068275	RemoteAgent	WARN	TLS certificate errors will be ignored for this session
console.warn: SearchSettings: "get: No settings file exists, new profile?" (new NotFoundError("Could not open the file at C:\\Users\\Matheus\\AppData\\Local\\Temp\\rust_mozprofile7FLWcg\\search.json.mozlz4", (void 0)))
DevTools listening on ws://localhost:58843/devtools/browser/3c551a71-0ffd-4d79-970a-052c6179ebb8
1656888156466	Marionette	INFO	Stopped listening on port 58852
console.warn: TopSitesFeed: Failed to fetch data from Contile server: NetworkError when attempting to fetch resource.
remote-debugging-port" "58892" "--remote-allow-hosts" "localhost" "-no-remote" "-profile" "C:\\Users\\Matheus\\AppData\\Local\\Temp\\rust_mozprofile652YIm"
1656888150469	Marionette	INFO	Marionette enabled
1656888150473	Marionette	INFO	Listening on port 58901
WebDriver BiDi listening on ws://localhost:58892
Read port: 58901
1656888150607	RemoteAgent	WARN	TLS certificate errors will be ignored for this session
console.warn: SearchSettings: "get: No settings file exists, new profile?" (new NotFoundError("Could not open the file at C:\\Users\\Matheus\\AppData\\Local\\Temp\\rust_mozprofile652YIm\\search.json.mozlz4", (void 0)))
DevTools listening on ws://localhost:58892/devtools/browser/15b0ffff-40f6-41ec-b181-cab2845dacd5
console.warn: LoginRecipes: "getRecipes: falling back to a synchronous message for:" "http://localhost:58890"
1656888153037	Marionette	INFO	Stopped listening on port 58901
